2025-12-17 13:47:13.901 -05:00 [INF] ErsatzTV version 25.2.0-docker-nvidia
2025-12-17 13:47:13.931 -05:00 [WRN] Give feedback at https://github.com/ErsatzTV/ErsatzTV or https://discord.gg/hHaJm3yGy6
2025-12-17 13:47:13.948 -05:00 [INF] Database is at /config/ersatztv.sqlite3
2025-12-17 13:47:13.953 -05:00 [INF] Transcode folder is /transcode
2025-12-17 13:47:14.012 -05:00 [INF] Using Lucene (embedded) search index backend
2025-12-17 13:47:14.052 -05:00 [WRN] No XML encryptor configured. Key {1e8727dd-a4ee-4c43-93f1-954f32dd53d7} may be persisted to storage in unencrypted form.
2025-12-17 13:47:14.078 -05:00 [INF] Server will listen on streaming port 8409, UI port 8409 - try UI at http://localhost:8409
2025-12-17 13:47:14.079 -05:00 [INF] Applying database migrations
2025-12-17 13:47:14.096 -05:00 [INF] Worker service started
2025-12-17 13:47:14.122 -05:00 [INF] FFmpeg worker service started
2025-12-17 13:47:16.151 -05:00 [WRN] The migration operation 'PRAGMA foreign_keys = 0;
' from migration 'TelevisionExpansion' cannot be executed in a transaction. If the app is terminated or an unrecoverable error occurs while this operation is being executed then the migration will be left in a partially applied state and would need to be reverted manually before it can be applied again. Create a separate migration that contains just this operation.
2025-12-17 13:47:16.360 -05:00 [WRN] The migration operation 'PRAGMA foreign_keys = 0;
' from migration 'ScheduleCollectionTypes' cannot be executed in a transaction. If the app is terminated or an unrecoverable error occurs while this operation is being executed then the migration will be left in a partially applied state and would need to be reverted manually before it can be applied again. Create a separate migration that contains just this operation.
2025-12-17 13:47:16.591 -05:00 [WRN] The migration operation 'PRAGMA foreign_keys = 0;
' from migration 'LibraryRework' cannot be executed in a transaction. If the app is terminated or an unrecoverable error occurs while this operation is being executed then the migration will be left in a partially applied state and would need to be reverted manually before it can be applied again. Create a separate migration that contains just this operation.
2025-12-17 13:47:16.990 -05:00 [WRN] The migration operation 'PRAGMA foreign_keys = 0;
' from migration 'SingularTableNames' cannot be executed in a transaction. If the app is terminated or an unrecoverable error occurs while this operation is being executed then the migration will be left in a partially applied state and would need to be reverted manually before it can be applied again. Create a separate migration that contains just this operation.
2025-12-17 13:47:17.350 -05:00 [WRN] The migration operation 'PRAGMA foreign_keys = 0;
' from migration 'ProgramSchedule_CollectionAndMediaItem' cannot be executed in a transaction. If the app is terminated or an unrecoverable error occurs while this operation is being executed then the migration will be left in a partially applied state and would need to be reverted manually before it can be applied again. Create a separate migration that contains just this operation.
2025-12-17 13:47:17.706 -05:00 [WRN] The migration operation 'PRAGMA foreign_keys = 0;
' from migration 'Remove_OldMovieMetadata' cannot be executed in a transaction. If the app is terminated or an unrecoverable error occurs while this operation is being executed then the migration will be left in a partially applied state and would need to be reverted manually before it can be applied again. Create a separate migration that contains just this operation.
2025-12-17 13:47:17.837 -05:00 [WRN] The migration operation 'PRAGMA foreign_keys = 0;
' from migration 'Remove_OldTelevisionEntities' cannot be executed in a transaction. If the app is terminated or an unrecoverable error occurs while this operation is being executed then the migration will be left in a partially applied state and would need to be reverted manually before it can be applied again. Create a separate migration that contains just this operation.
2025-12-17 13:47:18.037 -05:00 [WRN] The migration operation 'PRAGMA foreign_keys = 0;
' from migration 'CleanUp_MovieMetadata' cannot be executed in a transaction. If the app is terminated or an unrecoverable error occurs while this operation is being executed then the migration will be left in a partially applied state and would need to be reverted manually before it can be applied again. Create a separate migration that contains just this operation.
2025-12-17 13:47:18.270 -05:00 [WRN] The migration operation 'PRAGMA foreign_keys = 0;
' from migration 'Add_Artwork' cannot be executed in a transaction. If the app is terminated or an unrecoverable error occurs while this operation is being executed then the migration will be left in a partially applied state and would need to be reverted manually before it can be applied again. Create a separate migration that contains just this operation.
2025-12-17 13:47:18.410 -05:00 [WRN] The migration operation 'PRAGMA foreign_keys = 0;
' from migration 'Add_SeasonMetadata' cannot be executed in a transaction. If the app is terminated or an unrecoverable error occurs while this operation is being executed then the migration will be left in a partially applied state and would need to be reverted manually before it can be applied again. Create a separate migration that contains just this operation.
2025-12-17 13:47:18.553 -05:00 [WRN] The migration operation 'PRAGMA foreign_keys = 0;
' from migration 'Add_SeasonMetadataCascade' cannot be executed in a transaction. If the app is terminated or an unrecoverable error occurs while this operation is being executed then the migration will be left in a partially applied state and would need to be reverted manually before it can be applied again. Create a separate migration that contains just this operation.
2025-12-17 13:47:18.730 -05:00 [WRN] The migration operation 'PRAGMA foreign_keys = 0;
' from migration 'CleanUp_MediaItemStatisticsAndPath' cannot be executed in a transaction. If the app is terminated or an unrecoverable error occurs while this operation is being executed then the migration will be left in a partially applied state and would need to be reverted manually before it can be applied again. Create a separate migration that contains just this operation.
2025-12-17 13:47:18.883 -05:00 [WRN] The migration operation 'PRAGMA foreign_keys = 0;
' from migration 'Add_PlayoutDeleteCascades' cannot be executed in a transaction. If the app is terminated or an unrecoverable error occurs while this operation is being executed then the migration will be left in a partially applied state and would need to be reverted manually before it can be applied again. Create a separate migration that contains just this operation.
2025-12-17 13:47:19.050 -05:00 [WRN] The migration operation 'PRAGMA foreign_keys = 0;
' from migration 'Add_ChannelArtwork' cannot be executed in a transaction. If the app is terminated or an unrecoverable error occurs while this operation is being executed then the migration will be left in a partially applied state and would need to be reverted manually before it can be applied again. Create a separate migration that contains just this operation.
2025-12-17 13:47:19.400 -05:00 [WRN] The migration operation 'PRAGMA foreign_keys = 0;
' from migration 'Add_PlexMediaFile' cannot be executed in a transaction. If the app is terminated or an unrecoverable error occurs while this operation is being executed then the migration will be left in a partially applied state and would need to be reverted manually before it can be applied again. Create a separate migration that contains just this operation.
2025-12-17 13:47:19.954 -05:00 [WRN] The migration operation 'PRAGMA foreign_keys = 0;
' from migration 'Add_FFmpegProfile_FrameRate' cannot be executed in a transaction. If the app is terminated or an unrecoverable error occurs while this operation is being executed then the migration will be left in a partially applied state and would need to be reverted manually before it can be applied again. Create a separate migration that contains just this operation.
2025-12-17 13:47:20.335 -05:00 [WRN] The migration operation 'PRAGMA foreign_keys = 0;
' from migration 'Add_MusicVideo_MusicVideoMetadata' cannot be executed in a transaction. If the app is terminated or an unrecoverable error occurs while this operation is being executed then the migration will be left in a partially applied state and would need to be reverted manually before it can be applied again. Create a separate migration that contains just this operation.
2025-12-17 13:47:20.721 -05:00 [WRN] The migration operation 'PRAGMA foreign_keys = 0;
' from migration 'Remove_MediaVersion_Codecs' cannot be executed in a transaction. If the app is terminated or an unrecoverable error occurs while this operation is being executed then the migration will be left in a partially applied state and would need to be reverted manually before it can be applied again. Create a separate migration that contains just this operation.
2025-12-17 13:47:20.933 -05:00 [WRN] The migration operation 'PRAGMA foreign_keys = 0;
' from migration 'Add_FFmpegProfile_NormalizeLoudness' cannot be executed in a transaction. If the app is terminated or an unrecoverable error occurs while this operation is being executed then the migration will be left in a partially applied state and would need to be reverted manually before it can be applied again. Create a separate migration that contains just this operation.
2025-12-17 13:47:21.121 -05:00 [WRN] The migration operation 'PRAGMA foreign_keys = 0;
' from migration 'Add_Artist' cannot be executed in a transaction. If the app is terminated or an unrecoverable error occurs while this operation is being executed then the migration will be left in a partially applied state and would need to be reverted manually before it can be applied again. Create a separate migration that contains just this operation.
2025-12-17 13:47:21.347 -05:00 [WRN] The migration operation 'PRAGMA foreign_keys = 0;
' from migration 'Update_ArtistMetadata_FK' cannot be executed in a transaction. If the app is terminated or an unrecoverable error occurs while this operation is being executed then the migration will be left in a partially applied state and would need to be reverted manually before it can be applied again. Create a separate migration that contains just this operation.
2025-12-17 13:47:21.696 -05:00 [WRN] The migration operation 'PRAGMA foreign_keys = 0;
' from migration 'Add_Actor_Artwork' cannot be executed in a transaction. If the app is terminated or an unrecoverable error occurs while this operation is being executed then the migration will be left in a partially applied state and would need to be reverted manually before it can be applied again. Create a separate migration that contains just this operation.
2025-12-17 13:47:22.097 -05:00 [WRN] The migration operation 'PRAGMA foreign_keys = 0;
' from migration 'Add_EpisodeMetadataDirectorsWriters' cannot be executed in a transaction. If the app is terminated or an unrecoverable error occurs while this operation is being executed then the migration will be left in a partially applied state and would need to be reverted manually before it can be applied again. Create a separate migration that contains just this operation.
2025-12-17 13:47:22.565 -05:00 [WRN] The migration operation 'PRAGMA foreign_keys = 0;
' from migration 'Add_ChannelWatermark' cannot be executed in a transaction. If the app is terminated or an unrecoverable error occurs while this operation is being executed then the migration will be left in a partially applied state and would need to be reverted manually before it can be applied again. Create a separate migration that contains just this operation.
2025-12-17 13:47:22.907 -05:00 [WRN] The migration operation 'PRAGMA foreign_keys = 0;
' from migration 'Add_ChannelWatermarkNameImage' cannot be executed in a transaction. If the app is terminated or an unrecoverable error occurs while this operation is being executed then the migration will be left in a partially applied state and would need to be reverted manually before it can be applied again. Create a separate migration that contains just this operation.
2025-12-17 13:47:23.208 -05:00 [WRN] The migration operation 'PRAGMA foreign_keys = 0;
' from migration 'Fix_PlayoutAnchorInFlood' cannot be executed in a transaction. If the app is terminated or an unrecoverable error occurs while this operation is being executed then the migration will be left in a partially applied state and would need to be reverted manually before it can be applied again. Create a separate migration that contains just this operation.
2025-12-17 13:47:23.382 -05:00 [WRN] The migration operation 'PRAGMA foreign_keys = 0;
' from migration 'Add_MultiCollection' cannot be executed in a transaction. If the app is terminated or an unrecoverable error occurs while this operation is being executed then the migration will be left in a partially applied state and would need to be reverted manually before it can be applied again. Create a separate migration that contains just this operation.
2025-12-17 13:47:23.791 -05:00 [WRN] The migration operation 'PRAGMA foreign_keys = 0;
' from migration 'Add_ProgramScheduleItemSmartCollection' cannot be executed in a transaction. If the app is terminated or an unrecoverable error occurs while this operation is being executed then the migration will be left in a partially applied state and would need to be reverted manually before it can be applied again. Create a separate migration that contains just this operation.
2025-12-17 13:47:23.950 -05:00 [WRN] The migration operation 'PRAGMA foreign_keys = 0;
' from migration 'Add_PlayoutProgramScheduleAnchorSmartCollection' cannot be executed in a transaction. If the app is terminated or an unrecoverable error occurs while this operation is being executed then the migration will be left in a partially applied state and would need to be reverted manually before it can be applied again. Create a separate migration that contains just this operation.
2025-12-17 13:47:24.227 -05:00 [WRN] The migration operation 'PRAGMA foreign_keys = 0;
' from migration 'Add_TraktListItemDeleteSetNull' cannot be executed in a transaction. If the app is terminated or an unrecoverable error occurs while this operation is being executed then the migration will be left in a partially applied state and would need to be reverted manually before it can be applied again. Create a separate migration that contains just this operation.
2025-12-17 13:47:24.473 -05:00 [WRN] The migration operation 'PRAGMA foreign_keys = 0;
' from migration 'Add_DurationTail' cannot be executed in a transaction. If the app is terminated or an unrecoverable error occurs while this operation is being executed then the migration will be left in a partially applied state and would need to be reverted manually before it can be applied again. Create a separate migration that contains just this operation.
2025-12-17 13:47:24.735 -05:00 [WRN] The migration operation 'PRAGMA foreign_keys = 0;
' from migration 'Add_OtherVideo_OtherVideoMetadata' cannot be executed in a transaction. If the app is terminated or an unrecoverable error occurs while this operation is being executed then the migration will be left in a partially applied state and would need to be reverted manually before it can be applied again. Create a separate migration that contains just this operation.
2025-12-17 13:47:25.069 -05:00 [WRN] The migration operation 'PRAGMA foreign_keys = 0;
' from migration 'Add_FillerPreset' cannot be executed in a transaction. If the app is terminated or an unrecoverable error occurs while this operation is being executed then the migration will be left in a partially applied state and would need to be reverted manually before it can be applied again. Create a separate migration that contains just this operation.
2025-12-17 13:47:25.294 -05:00 [WRN] The migration operation 'PRAGMA foreign_keys = 0;
' from migration 'Add_ProgramScheduleItem_TailFiller' cannot be executed in a transaction. If the app is terminated or an unrecoverable error occurs while this operation is being executed then the migration will be left in a partially applied state and would need to be reverted manually before it can be applied again. Create a separate migration that contains just this operation.
2025-12-17 13:47:25.562 -05:00 [WRN] The migration operation 'PRAGMA foreign_keys = 0;
' from migration 'Remove_DurationTailFiller' cannot be executed in a transaction. If the app is terminated or an unrecoverable error occurs while this operation is being executed then the migration will be left in a partially applied state and would need to be reverted manually before it can be applied again. Create a separate migration that contains just this operation.
2025-12-17 13:47:25.751 -05:00 [WRN] The migration operation 'PRAGMA foreign_keys = 0;
' from migration 'Remove_PlayoutItemIsFillerIsFallback' cannot be executed in a transaction. If the app is terminated or an unrecoverable error occurs while this operation is being executed then the migration will be left in a partially applied state and would need to be reverted manually before it can be applied again. Create a separate migration that contains just this operation.
2025-12-17 13:47:26.009 -05:00 [WRN] The migration operation 'PRAGMA foreign_keys = 0;
' from migration 'Add_ChannelFallbackFiller' cannot be executed in a transaction. If the app is terminated or an unrecoverable error occurs while this operation is being executed then the migration will be left in a partially applied state and would need to be reverted manually before it can be applied again. Create a separate migration that contains just this operation.
2025-12-17 13:47:26.184 -05:00 [WRN] The migration operation 'PRAGMA foreign_keys = 0;
' from migration 'Move_ToOwnedTables' cannot be executed in a transaction. If the app is terminated or an unrecoverable error occurs while this operation is being executed then the migration will be left in a partially applied state and would need to be reverted manually before it can be applied again. Create a separate migration that contains just this operation.
2025-12-17 13:47:26.609 -05:00 [WRN] The migration operation 'PRAGMA foreign_keys = 0;
' from migration 'Add_Songs_SongMetadata' cannot be executed in a transaction. If the app is terminated or an unrecoverable error occurs while this operation is being executed then the migration will be left in a partially applied state and would need to be reverted manually before it can be applied again. Create a separate migration that contains just this operation.
2025-12-17 13:47:26.945 -05:00 [WRN] The migration operation 'PRAGMA foreign_keys = 0;
' from migration 'Add_SongAlbum' cannot be executed in a transaction. If the app is terminated or an unrecoverable error occurs while this operation is being executed then the migration will be left in a partially applied state and would need to be reverted manually before it can be applied again. Create a separate migration that contains just this operation.
2025-12-17 13:47:27.665 -05:00 [WRN] The migration operation 'PRAGMA foreign_keys = 0;
' from migration 'Add_PlayoutAnchorScheduleItemsEnumeratorState' cannot be executed in a transaction. If the app is terminated or an unrecoverable error occurs while this operation is being executed then the migration will be left in a partially applied state and would need to be reverted manually before it can be applied again. Create a separate migration that contains just this operation.
2025-12-17 13:47:27.995 -05:00 [WRN] The migration operation 'PRAGMA foreign_keys = 0;
' from migration 'Remove_FFmpegProfileVideoCodecAudioCodec' cannot be executed in a transaction. If the app is terminated or an unrecoverable error occurs while this operation is being executed then the migration will be left in a partially applied state and would need to be reverted manually before it can be applied again. Create a separate migration that contains just this operation.
2025-12-17 13:47:28.398 -05:00 [WRN] The migration operation 'PRAGMA foreign_keys = 0;
' from migration 'Remove_FFmpegProfileTranscodeNormalizeVideoNormalizeAudio' cannot be executed in a transaction. If the app is terminated or an unrecoverable error occurs while this operation is being executed then the migration will be left in a partially applied state and would need to be reverted manually before it can be applied again. Create a separate migration that contains just this operation.
2025-12-17 13:47:28.576 -05:00 [WRN] The migration operation 'PRAGMA foreign_keys = 0;
' from migration 'Add_FFmpegProfileSubtitleMode' cannot be executed in a transaction. If the app is terminated or an unrecoverable error occurs while this operation is being executed then the migration will be left in a partially applied state and would need to be reverted manually before it can be applied again. Create a separate migration that contains just this operation.
2025-12-17 13:47:28.773 -05:00 [WRN] The migration operation 'PRAGMA foreign_keys = 0;
' from migration 'Remove_FFmpegProfileSubtitleMode' cannot be executed in a transaction. If the app is terminated or an unrecoverable error occurs while this operation is being executed then the migration will be left in a partially applied state and would need to be reverted manually before it can be applied again. Create a separate migration that contains just this operation.
2025-12-17 13:47:28.990 -05:00 [WRN] The migration operation 'PRAGMA foreign_keys = 0;
' from migration 'Add_ProgramScheduleItemWatermark' cannot be executed in a transaction. If the app is terminated or an unrecoverable error occurs while this operation is being executed then the migration will be left in a partially applied state and would need to be reverted manually before it can be applied again. Create a separate migration that contains just this operation.
2025-12-17 13:47:29.191 -05:00 [WRN] The migration operation 'PRAGMA foreign_keys = 0;
' from migration 'Add_PlayoutItemWatermark' cannot be executed in a transaction. If the app is terminated or an unrecoverable error occurs while this operation is being executed then the migration will be left in a partially applied state and would need to be reverted manually before it can be applied again. Create a separate migration that contains just this operation.
2025-12-17 13:47:29.862 -05:00 [WRN] The migration operation 'PRAGMA foreign_keys = 0;
' from migration 'Expand_OtherVideoMetadata' cannot be executed in a transaction. If the app is terminated or an unrecoverable error occurs while this operation is being executed then the migration will be left in a partially applied state and would need to be reverted manually before it can be applied again. Create a separate migration that contains just this operation.
2025-12-17 13:47:30.676 -05:00 [WRN] The migration operation 'PRAGMA foreign_keys = 0;
' from migration 'AddAllMetadataKeys' cannot be executed in a transaction. If the app is terminated or an unrecoverable error occurs while this operation is being executed then the migration will be left in a partially applied state and would need to be reverted manually before it can be applied again. Create a separate migration that contains just this operation.
2025-12-17 13:47:30.955 -05:00 [WRN] The migration operation 'PRAGMA foreign_keys = 0;
' from migration 'AddAnchorSmartCollectionKey' cannot be executed in a transaction. If the app is terminated or an unrecoverable error occurs while this operation is being executed then the migration will be left in a partially applied state and would need to be reverted manually before it can be applied again. Create a separate migration that contains just this operation.
2025-12-17 13:47:31.234 -05:00 [WRN] The migration operation 'PRAGMA foreign_keys = 0;
' from migration 'Add_MusicVideo_Directors' cannot be executed in a transaction. If the app is terminated or an unrecoverable error occurs while this operation is being executed then the migration will be left in a partially applied state and would need to be reverted manually before it can be applied again. Create a separate migration that contains just this operation.
2025-12-17 13:47:31.453 -05:00 [WRN] The migration operation 'PRAGMA foreign_keys = 0;
' from migration 'Remove_PlayoutProgramScheduleAnchor_ProgramScheduleId' cannot be executed in a transaction. If the app is terminated or an unrecoverable error occurs while this operation is being executed then the migration will be left in a partially applied state and would need to be reverted manually before it can be applied again. Create a separate migration that contains just this operation.
2025-12-17 13:47:32.102 -05:00 [WRN] The migration operation 'PRAGMA foreign_keys = 0;
' from migration 'AddExternalJsonPlayout' cannot be executed in a transaction. If the app is terminated or an unrecoverable error occurs while this operation is being executed then the migration will be left in a partially applied state and would need to be reverted manually before it can be applied again. Create a separate migration that contains just this operation.
2025-12-17 13:47:32.368 -05:00 [WRN] The migration operation 'PRAGMA foreign_keys = 0;
' from migration 'Add_PlayoutTemplate' cannot be executed in a transaction. If the app is terminated or an unrecoverable error occurs while this operation is being executed then the migration will be left in a partially applied state and would need to be reverted manually before it can be applied again. Create a separate migration that contains just this operation.
2025-12-17 13:47:33.059 -05:00 [WRN] The migration operation 'PRAGMA foreign_keys = 0;
' from migration 'Add_Image_ImageMetadata' cannot be executed in a transaction. If the app is terminated or an unrecoverable error occurs while this operation is being executed then the migration will be left in a partially applied state and would need to be reverted manually before it can be applied again. Create a separate migration that contains just this operation.
2025-12-17 13:47:33.627 -05:00 [WRN] The migration operation 'PRAGMA foreign_keys = 0;
' from migration 'Rework_LibraryFolder' cannot be executed in a transaction. If the app is terminated or an unrecoverable error occurs while this operation is being executed then the migration will be left in a partially applied state and would need to be reverted manually before it can be applied again. Create a separate migration that contains just this operation.
2025-12-17 13:47:33.872 -05:00 [WRN] The migration operation 'PRAGMA foreign_keys = 0;
' from migration 'Update_ImageFolderDuration' cannot be executed in a transaction. If the app is terminated or an unrecoverable error occurs while this operation is being executed then the migration will be left in a partially applied state and would need to be reverted manually before it can be applied again. Create a separate migration that contains just this operation.
2025-12-17 13:47:34.119 -05:00 [WRN] The migration operation 'PRAGMA foreign_keys = 0;
' from migration 'PlayoutTemplate_OptionalDateRange' cannot be executed in a transaction. If the app is terminated or an unrecoverable error occurs while this operation is being executed then the migration will be left in a partially applied state and would need to be reverted manually before it can be applied again. Create a separate migration that contains just this operation.
2025-12-17 13:47:34.310 -05:00 [WRN] The migration operation 'PRAGMA foreign_keys = 0;
' from migration 'Rework_PlayoutTemplate_ActiveDateRange' cannot be executed in a transaction. If the app is terminated or an unrecoverable error occurs while this operation is being executed then the migration will be left in a partially applied state and would need to be reverted manually before it can be applied again. Create a separate migration that contains just this operation.
2025-12-17 13:47:34.516 -05:00 [WRN] The migration operation 'PRAGMA foreign_keys = 0;
' from migration 'Add_Deco_Group_Deco' cannot be executed in a transaction. If the app is terminated or an unrecoverable error occurs while this operation is being executed then the migration will be left in a partially applied state and would need to be reverted manually before it can be applied again. Create a separate migration that contains just this operation.
2025-12-17 13:47:34.702 -05:00 [WRN] The migration operation 'PRAGMA foreign_keys = 0;
' from migration 'Add_DecoTemplate' cannot be executed in a transaction. If the app is terminated or an unrecoverable error occurs while this operation is being executed then the migration will be left in a partially applied state and would need to be reverted manually before it can be applied again. Create a separate migration that contains just this operation.
2025-12-17 13:47:34.925 -05:00 [WRN] The migration operation 'PRAGMA foreign_keys = 0;
' from migration 'Add_Deco_DeadAirFallback' cannot be executed in a transaction. If the app is terminated or an unrecoverable error occurs while this operation is being executed then the migration will be left in a partially applied state and would need to be reverted manually before it can be applied again. Create a separate migration that contains just this operation.
2025-12-17 13:47:35.323 -05:00 [WRN] The migration operation 'PRAGMA foreign_keys = 0;
' from migration 'Add_ProgramScheduleItemPlaylist' cannot be executed in a transaction. If the app is terminated or an unrecoverable error occurs while this operation is being executed then the migration will be left in a partially applied state and would need to be reverted manually before it can be applied again. Create a separate migration that contains just this operation.
2025-12-17 13:47:35.697 -05:00 [WRN] The migration operation 'PRAGMA foreign_keys = 0;
' from migration 'Add_Deco_DefaultFiller' cannot be executed in a transaction. If the app is terminated or an unrecoverable error occurs while this operation is being executed then the migration will be left in a partially applied state and would need to be reverted manually before it can be applied again. Create a separate migration that contains just this operation.
2025-12-17 13:47:37.144 -05:00 [INF] Done applying database migrations
2025-12-17 13:47:37.144 -05:00 [INF] Cleaning database
2025-12-17 13:47:37.146 -05:00 [INF] Search index worker service started
2025-12-17 13:47:37.148 -05:00 [INF] Emptying transcode cache folder
2025-12-17 13:47:37.149 -05:00 [INF] Done emptying transcode cache folder
2025-12-17 13:47:37.247 -05:00 [INF] Done cleaning database
2025-12-17 13:47:37.251 -05:00 [INF] Initializing search index
2025-12-17 13:47:37.267 -05:00 [INF] Located ffmpeg at /usr/local/bin/ffmpeg
2025-12-17 13:47:37.308 -05:00 [INF] Located ffprobe at /usr/local/bin/ffprobe
2025-12-17 13:47:37.393 -05:00 [WRN] Search index failed to initialize; will delete and recreate
2025-12-17 13:47:37.440 -05:00 [INF] Done initializing search index
2025-12-17 13:47:37.440 -05:00 [INF] Migrating search index to version 46
2025-12-17 13:47:38.055 -05:00 [INF] Done migrating search index in 608 milliseconds
2025-12-17 13:47:38.056 -05:00 [INF] Scanner service started
2025-12-17 13:47:38.056 -05:00 [INF] Scheduler service started
2025-12-17 13:47:38.058 -05:00 [INF] Emby service started; secrets are at /config/emby-secrets.json
2025-12-17 13:47:38.059 -05:00 [INF] Jellyfin service started; secrets are at /config/jellyfin-secrets.json
2025-12-17 13:47:38.061 -05:00 [INF] Plex service started; secrets are at /config/plex-secrets.json
2025-12-17 14:21:54.697 -05:00 [ERR] Error getting jellyfin server name
System.NotSupportedException: The 'file' scheme is not supported.
   at System.Net.Http.HttpClient.<SendAsync>g__Core|83_0(HttpRequestMessage request, HttpCompletionOption completionOption, CancellationTokenSource cts, Boolean disposeCts, CancellationTokenSource pendingRequestsCts, CancellationToken originalCancellationToken)
   at Refit.RequestBuilderImplementation.<>c__DisplayClass15_0`2.<<BuildCancellableTaskFuncForMethod>b__0>d.MoveNext() in c:\temp\releaser\refit\Refit\RequestBuilderImplementation.cs:line 331
--- End of stack trace from previous location ---
   at Refit.Implementation.Generated.ErsatzTVInfrastructureJellyfinIJellyfinApi.global::ErsatzTV.Infrastructure.Jellyfin.IJellyfinApi.GetSystemInformation(String apiKey, CancellationToken cancellationToken) in /source/ErsatzTV.Infrastructure/obj/release/net9.0/InterfaceStubGeneratorV2/Refit.Generator.InterfaceStubGeneratorV2/IJellyfinApi.g.cs:line 149
   at LanguageExt.TaskExtensions.Map[T,U](Task`1 self, Func`2 map)
   at ErsatzTV.Infrastructure.Jellyfin.JellyfinApiClient.GetServerInformation(String address, String apiKey) in /source/ErsatzTV.Infrastructure/Jellyfin/JellyfinApiClient.cs:line 43
2025-12-17 14:21:54.721 -05:00 [ERR] Error saving Jellyfin secrets: The 'file' scheme is not supported.
2025-12-17 14:22:15.153 -05:00 [ERR] Error getting jellyfin server name
System.Net.Http.HttpRequestException: Name or service not known (jellyfin:8096)
 ---> System.Net.Sockets.SocketException (0xFFFDFFFF): Name or service not known
   at System.Net.Sockets.Socket.AwaitableSocketAsyncEventArgs.ThrowException(SocketError error, CancellationToken cancellationToken)
   at System.Net.Sockets.Socket.AwaitableSocketAsyncEventArgs.System.Threading.Tasks.Sources.IValueTaskSource.GetResult(Int16 token)
   at System.Net.Sockets.Socket.<ConnectAsync>g__WaitForConnectWithCancellation|285_0(AwaitableSocketAsyncEventArgs saea, ValueTask connectTask, CancellationToken cancellationToken)
   at System.Net.Http.HttpConnectionPool.ConnectToTcpHostAsync(String host, Int32 port, HttpRequestMessage initialRequest, Boolean async, CancellationToken cancellationToken)
   --- End of inner exception stack trace ---
   at System.Net.Http.HttpConnectionPool.ConnectToTcpHostAsync(String host, Int32 port, HttpRequestMessage initialRequest, Boolean async, CancellationToken cancellationToken)
   at System.Net.Http.HttpConnectionPool.ConnectAsync(HttpRequestMessage request, Boolean async, CancellationToken cancellationToken)
   at System.Net.Http.HttpConnectionPool.CreateHttp11ConnectionAsync(HttpRequestMessage request, Boolean async, CancellationToken cancellationToken)
   at System.Net.Http.HttpConnectionPool.InjectNewHttp11ConnectionAsync(QueueItem queueItem)
   at System.Threading.Tasks.TaskCompletionSourceWithCancellation`1.WaitWithCancellationAsync(CancellationToken cancellationToken)
   at System.Net.Http.HttpConnectionPool.SendWithVersionDetectionAndRetryAsync(HttpRequestMessage request, Boolean async, Boolean doRequestAuth, CancellationToken cancellationToken)
   at System.Net.Http.RedirectHandler.SendAsync(HttpRequestMessage request, Boolean async, CancellationToken cancellationToken)
   at System.Net.Http.HttpClient.<SendAsync>g__Core|83_0(HttpRequestMessage request, HttpCompletionOption completionOption, CancellationTokenSource cts, Boolean disposeCts, CancellationTokenSource pendingRequestsCts, CancellationToken originalCancellationToken)
   at Refit.RequestBuilderImplementation.<>c__DisplayClass15_0`2.<<BuildCancellableTaskFuncForMethod>b__0>d.MoveNext() in c:\temp\releaser\refit\Refit\RequestBuilderImplementation.cs:line 331
--- End of stack trace from previous location ---
   at Refit.Implementation.Generated.ErsatzTVInfrastructureJellyfinIJellyfinApi.global::ErsatzTV.Infrastructure.Jellyfin.IJellyfinApi.GetSystemInformation(String apiKey, CancellationToken cancellationToken) in /source/ErsatzTV.Infrastructure/obj/release/net9.0/InterfaceStubGeneratorV2/Refit.Generator.InterfaceStubGeneratorV2/IJellyfinApi.g.cs:line 149
   at LanguageExt.TaskExtensions.Map[T,U](Task`1 self, Func`2 map)
   at ErsatzTV.Infrastructure.Jellyfin.JellyfinApiClient.GetServerInformation(String address, String apiKey) in /source/ErsatzTV.Infrastructure/Jellyfin/JellyfinApiClient.cs:line 43
2025-12-17 14:22:15.158 -05:00 [ERR] Error saving Jellyfin secrets: Name or service not known (jellyfin:8096)
2025-12-17 14:22:17.712 -05:00 [ERR] Timeout getting jellyfin server name
System.Threading.Tasks.TaskCanceledException: A task was canceled.
 ---> System.Threading.Tasks.TaskCanceledException: A task was canceled.
   at System.Threading.Tasks.TaskCompletionSourceWithCancellation`1.WaitWithCancellationAsync(CancellationToken cancellationToken)
   at System.Net.Http.HttpConnectionPool.SendWithVersionDetectionAndRetryAsync(HttpRequestMessage request, Boolean async, Boolean doRequestAuth, CancellationToken cancellationToken)
   at System.Net.Http.RedirectHandler.SendAsync(HttpRequestMessage request, Boolean async, CancellationToken cancellationToken)
   at System.Net.Http.HttpClient.<SendAsync>g__Core|83_0(HttpRequestMessage request, HttpCompletionOption completionOption, CancellationTokenSource cts, Boolean disposeCts, CancellationTokenSource pendingRequestsCts, CancellationToken originalCancellationToken)
   --- End of inner exception stack trace ---
   at System.Net.Http.HttpClient.HandleFailure(Exception e, Boolean telemetryStarted, HttpResponseMessage response, CancellationTokenSource cts, CancellationToken cancellationToken, CancellationTokenSource pendingRequestsCts)
   at System.Net.Http.HttpClient.<SendAsync>g__Core|83_0(HttpRequestMessage request, HttpCompletionOption completionOption, CancellationTokenSource cts, Boolean disposeCts, CancellationTokenSource pendingRequestsCts, CancellationToken originalCancellationToken)
   at Refit.RequestBuilderImplementation.<>c__DisplayClass15_0`2.<<BuildCancellableTaskFuncForMethod>b__0>d.MoveNext() in c:\temp\releaser\refit\Refit\RequestBuilderImplementation.cs:line 331
--- End of stack trace from previous location ---
   at Refit.Implementation.Generated.ErsatzTVInfrastructureJellyfinIJellyfinApi.global::ErsatzTV.Infrastructure.Jellyfin.IJellyfinApi.GetSystemInformation(String apiKey, CancellationToken cancellationToken) in /source/ErsatzTV.Infrastructure/obj/release/net9.0/InterfaceStubGeneratorV2/Refit.Generator.InterfaceStubGeneratorV2/IJellyfinApi.g.cs:line 149
   at LanguageExt.TaskExtensions.Map[T,U](Task`1 self, Func`2 map)
   at ErsatzTV.Infrastructure.Jellyfin.JellyfinApiClient.GetServerInformation(String address, String apiKey) in /source/ErsatzTV.Infrastructure/Jellyfin/JellyfinApiClient.cs:line 43
2025-12-17 14:22:17.714 -05:00 [ERR] Error saving Jellyfin secrets: Jellyfin did not respond in time
2025-12-17 14:22:20.055 -05:00 [ERR] Timeout getting jellyfin server name
System.Threading.Tasks.TaskCanceledException: A task was canceled.
 ---> System.Threading.Tasks.TaskCanceledException: A task was canceled.
   at System.Threading.Tasks.TaskCompletionSourceWithCancellation`1.WaitWithCancellationAsync(CancellationToken cancellationToken)
   at System.Net.Http.HttpConnectionPool.SendWithVersionDetectionAndRetryAsync(HttpRequestMessage request, Boolean async, Boolean doRequestAuth, CancellationToken cancellationToken)
   at System.Net.Http.RedirectHandler.SendAsync(HttpRequestMessage request, Boolean async, CancellationToken cancellationToken)
   at System.Net.Http.HttpClient.<SendAsync>g__Core|83_0(HttpRequestMessage request, HttpCompletionOption completionOption, CancellationTokenSource cts, Boolean disposeCts, CancellationTokenSource pendingRequestsCts, CancellationToken originalCancellationToken)
   --- End of inner exception stack trace ---
   at System.Net.Http.HttpClient.HandleFailure(Exception e, Boolean telemetryStarted, HttpResponseMessage response, CancellationTokenSource cts, CancellationToken cancellationToken, CancellationTokenSource pendingRequestsCts)
   at System.Net.Http.HttpClient.<SendAsync>g__Core|83_0(HttpRequestMessage request, HttpCompletionOption completionOption, CancellationTokenSource cts, Boolean disposeCts, CancellationTokenSource pendingRequestsCts, CancellationToken originalCancellationToken)
   at Refit.RequestBuilderImplementation.<>c__DisplayClass15_0`2.<<BuildCancellableTaskFuncForMethod>b__0>d.MoveNext() in c:\temp\releaser\refit\Refit\RequestBuilderImplementation.cs:line 331
--- End of stack trace from previous location ---
   at Refit.Implementation.Generated.ErsatzTVInfrastructureJellyfinIJellyfinApi.global::ErsatzTV.Infrastructure.Jellyfin.IJellyfinApi.GetSystemInformation(String apiKey, CancellationToken cancellationToken) in /source/ErsatzTV.Infrastructure/obj/release/net9.0/InterfaceStubGeneratorV2/Refit.Generator.InterfaceStubGeneratorV2/IJellyfinApi.g.cs:line 149
   at LanguageExt.TaskExtensions.Map[T,U](Task`1 self, Func`2 map)
   at ErsatzTV.Infrastructure.Jellyfin.JellyfinApiClient.GetServerInformation(String address, String apiKey) in /source/ErsatzTV.Infrastructure/Jellyfin/JellyfinApiClient.cs:line 43
2025-12-17 14:22:20.070 -05:00 [ERR] Error saving Jellyfin secrets: Jellyfin did not respond in time
2025-12-17 14:22:20.226 -05:00 [ERR] Timeout getting jellyfin server name
System.Threading.Tasks.TaskCanceledException: A task was canceled.
 ---> System.Threading.Tasks.TaskCanceledException: A task was canceled.
   at System.Threading.Tasks.TaskCompletionSourceWithCancellation`1.WaitWithCancellationAsync(CancellationToken cancellationToken)
   at System.Net.Http.HttpConnectionPool.SendWithVersionDetectionAndRetryAsync(HttpRequestMessage request, Boolean async, Boolean doRequestAuth, CancellationToken cancellationToken)
   at System.Net.Http.RedirectHandler.SendAsync(HttpRequestMessage request, Boolean async, CancellationToken cancellationToken)
   at System.Net.Http.HttpClient.<SendAsync>g__Core|83_0(HttpRequestMessage request, HttpCompletionOption completionOption, CancellationTokenSource cts, Boolean disposeCts, CancellationTokenSource pendingRequestsCts, CancellationToken originalCancellationToken)
   --- End of inner exception stack trace ---
   at System.Net.Http.HttpClient.HandleFailure(Exception e, Boolean telemetryStarted, HttpResponseMessage response, CancellationTokenSource cts, CancellationToken cancellationToken, CancellationTokenSource pendingRequestsCts)
   at System.Net.Http.HttpClient.<SendAsync>g__Core|83_0(HttpRequestMessage request, HttpCompletionOption completionOption, CancellationTokenSource cts, Boolean disposeCts, CancellationTokenSource pendingRequestsCts, CancellationToken originalCancellationToken)
   at Refit.RequestBuilderImplementation.<>c__DisplayClass15_0`2.<<BuildCancellableTaskFuncForMethod>b__0>d.MoveNext() in c:\temp\releaser\refit\Refit\RequestBuilderImplementation.cs:line 331
--- End of stack trace from previous location ---
   at Refit.Implementation.Generated.ErsatzTVInfrastructureJellyfinIJellyfinApi.global::ErsatzTV.Infrastructure.Jellyfin.IJellyfinApi.GetSystemInformation(String apiKey, CancellationToken cancellationToken) in /source/ErsatzTV.Infrastructure/obj/release/net9.0/InterfaceStubGeneratorV2/Refit.Generator.InterfaceStubGeneratorV2/IJellyfinApi.g.cs:line 149
   at LanguageExt.TaskExtensions.Map[T,U](Task`1 self, Func`2 map)
   at ErsatzTV.Infrastructure.Jellyfin.JellyfinApiClient.GetServerInformation(String address, String apiKey) in /source/ErsatzTV.Infrastructure/Jellyfin/JellyfinApiClient.cs:line 43
2025-12-17 14:22:20.226 -05:00 [ERR] Error saving Jellyfin secrets: Jellyfin did not respond in time
2025-12-17 14:22:20.374 -05:00 [ERR] Timeout getting jellyfin server name
System.Threading.Tasks.TaskCanceledException: A task was canceled.
 ---> System.Threading.Tasks.TaskCanceledException: A task was canceled.
   at System.Threading.Tasks.TaskCompletionSourceWithCancellation`1.WaitWithCancellationAsync(CancellationToken cancellationToken)
   at System.Net.Http.HttpConnectionPool.SendWithVersionDetectionAndRetryAsync(HttpRequestMessage request, Boolean async, Boolean doRequestAuth, CancellationToken cancellationToken)
   at System.Net.Http.RedirectHandler.SendAsync(HttpRequestMessage request, Boolean async, CancellationToken cancellationToken)
   at System.Net.Http.HttpClient.<SendAsync>g__Core|83_0(HttpRequestMessage request, HttpCompletionOption completionOption, CancellationTokenSource cts, Boolean disposeCts, CancellationTokenSource pendingRequestsCts, CancellationToken originalCancellationToken)
   --- End of inner exception stack trace ---
   at System.Net.Http.HttpClient.HandleFailure(Exception e, Boolean telemetryStarted, HttpResponseMessage response, CancellationTokenSource cts, CancellationToken cancellationToken, CancellationTokenSource pendingRequestsCts)
   at System.Net.Http.HttpClient.<SendAsync>g__Core|83_0(HttpRequestMessage request, HttpCompletionOption completionOption, CancellationTokenSource cts, Boolean disposeCts, CancellationTokenSource pendingRequestsCts, CancellationToken originalCancellationToken)
   at Refit.RequestBuilderImplementation.<>c__DisplayClass15_0`2.<<BuildCancellableTaskFuncForMethod>b__0>d.MoveNext() in c:\temp\releaser\refit\Refit\RequestBuilderImplementation.cs:line 331
--- End of stack trace from previous location ---
   at Refit.Implementation.Generated.ErsatzTVInfrastructureJellyfinIJellyfinApi.global::ErsatzTV.Infrastructure.Jellyfin.IJellyfinApi.GetSystemInformation(String apiKey, CancellationToken cancellationToken) in /source/ErsatzTV.Infrastructure/obj/release/net9.0/InterfaceStubGeneratorV2/Refit.Generator.InterfaceStubGeneratorV2/IJellyfinApi.g.cs:line 149
   at LanguageExt.TaskExtensions.Map[T,U](Task`1 self, Func`2 map)
   at ErsatzTV.Infrastructure.Jellyfin.JellyfinApiClient.GetServerInformation(String address, String apiKey) in /source/ErsatzTV.Infrastructure/Jellyfin/JellyfinApiClient.cs:line 43
2025-12-17 14:22:20.374 -05:00 [ERR] Error saving Jellyfin secrets: Jellyfin did not respond in time
2025-12-17 14:25:01.357 -05:00 [ERR] Error getting jellyfin server name
System.Net.Http.HttpRequestException: Connection refused (localhost:8096)
 ---> System.Net.Sockets.SocketException (111): Connection refused
   at System.Net.Sockets.Socket.AwaitableSocketAsyncEventArgs.ThrowException(SocketError error, CancellationToken cancellationToken)
   at System.Net.Sockets.Socket.AwaitableSocketAsyncEventArgs.System.Threading.Tasks.Sources.IValueTaskSource.GetResult(Int16 token)
   at System.Net.Sockets.Socket.<ConnectAsync>g__WaitForConnectWithCancellation|285_0(AwaitableSocketAsyncEventArgs saea, ValueTask connectTask, CancellationToken cancellationToken)
   at System.Net.Http.HttpConnectionPool.ConnectToTcpHostAsync(String host, Int32 port, HttpRequestMessage initialRequest, Boolean async, CancellationToken cancellationToken)
   --- End of inner exception stack trace ---
   at System.Net.Http.HttpConnectionPool.ConnectToTcpHostAsync(String host, Int32 port, HttpRequestMessage initialRequest, Boolean async, CancellationToken cancellationToken)
   at System.Net.Http.HttpConnectionPool.ConnectAsync(HttpRequestMessage request, Boolean async, CancellationToken cancellationToken)
   at System.Net.Http.HttpConnectionPool.CreateHttp11ConnectionAsync(HttpRequestMessage request, Boolean async, CancellationToken cancellationToken)
   at System.Net.Http.HttpConnectionPool.InjectNewHttp11ConnectionAsync(QueueItem queueItem)
   at System.Threading.Tasks.TaskCompletionSourceWithCancellation`1.WaitWithCancellationAsync(CancellationToken cancellationToken)
   at System.Net.Http.HttpConnectionPool.SendWithVersionDetectionAndRetryAsync(HttpRequestMessage request, Boolean async, Boolean doRequestAuth, CancellationToken cancellationToken)
   at System.Net.Http.RedirectHandler.SendAsync(HttpRequestMessage request, Boolean async, CancellationToken cancellationToken)
   at System.Net.Http.HttpClient.<SendAsync>g__Core|83_0(HttpRequestMessage request, HttpCompletionOption completionOption, CancellationTokenSource cts, Boolean disposeCts, CancellationTokenSource pendingRequestsCts, CancellationToken originalCancellationToken)
   at Refit.RequestBuilderImplementation.<>c__DisplayClass15_0`2.<<BuildCancellableTaskFuncForMethod>b__0>d.MoveNext() in c:\temp\releaser\refit\Refit\RequestBuilderImplementation.cs:line 331
--- End of stack trace from previous location ---
   at Refit.Implementation.Generated.ErsatzTVInfrastructureJellyfinIJellyfinApi.global::ErsatzTV.Infrastructure.Jellyfin.IJellyfinApi.GetSystemInformation(String apiKey, CancellationToken cancellationToken) in /source/ErsatzTV.Infrastructure/obj/release/net9.0/InterfaceStubGeneratorV2/Refit.Generator.InterfaceStubGeneratorV2/IJellyfinApi.g.cs:line 149
   at LanguageExt.TaskExtensions.Map[T,U](Task`1 self, Func`2 map)
   at ErsatzTV.Infrastructure.Jellyfin.JellyfinApiClient.GetServerInformation(String address, String apiKey) in /source/ErsatzTV.Infrastructure/Jellyfin/JellyfinApiClient.cs:line 43
2025-12-17 14:25:01.359 -05:00 [ERR] Error saving Jellyfin secrets: Connection refused (localhost:8096)
2025-12-17 14:25:04.312 -05:00 [ERR] Error getting jellyfin server name
System.Net.Http.HttpRequestException: Connection refused (localhost:8096)
 ---> System.Net.Sockets.SocketException (111): Connection refused
   at System.Net.Sockets.Socket.AwaitableSocketAsyncEventArgs.ThrowException(SocketError error, CancellationToken cancellationToken)
   at System.Net.Sockets.Socket.AwaitableSocketAsyncEventArgs.System.Threading.Tasks.Sources.IValueTaskSource.GetResult(Int16 token)
   at System.Net.Sockets.Socket.<ConnectAsync>g__WaitForConnectWithCancellation|285_0(AwaitableSocketAsyncEventArgs saea, ValueTask connectTask, CancellationToken cancellationToken)
   at System.Net.Http.HttpConnectionPool.ConnectToTcpHostAsync(String host, Int32 port, HttpRequestMessage initialRequest, Boolean async, CancellationToken cancellationToken)
   --- End of inner exception stack trace ---
   at System.Net.Http.HttpConnectionPool.ConnectToTcpHostAsync(String host, Int32 port, HttpRequestMessage initialRequest, Boolean async, CancellationToken cancellationToken)
   at System.Net.Http.HttpConnectionPool.ConnectAsync(HttpRequestMessage request, Boolean async, CancellationToken cancellationToken)
   at System.Net.Http.HttpConnectionPool.CreateHttp11ConnectionAsync(HttpRequestMessage request, Boolean async, CancellationToken cancellationToken)
   at System.Net.Http.HttpConnectionPool.InjectNewHttp11ConnectionAsync(QueueItem queueItem)
   at System.Threading.Tasks.TaskCompletionSourceWithCancellation`1.WaitWithCancellationAsync(CancellationToken cancellationToken)
   at System.Net.Http.HttpConnectionPool.SendWithVersionDetectionAndRetryAsync(HttpRequestMessage request, Boolean async, Boolean doRequestAuth, CancellationToken cancellationToken)
   at System.Net.Http.RedirectHandler.SendAsync(HttpRequestMessage request, Boolean async, CancellationToken cancellationToken)
   at System.Net.Http.HttpClient.<SendAsync>g__Core|83_0(HttpRequestMessage request, HttpCompletionOption completionOption, CancellationTokenSource cts, Boolean disposeCts, CancellationTokenSource pendingRequestsCts, CancellationToken originalCancellationToken)
   at Refit.RequestBuilderImplementation.<>c__DisplayClass15_0`2.<<BuildCancellableTaskFuncForMethod>b__0>d.MoveNext() in c:\temp\releaser\refit\Refit\RequestBuilderImplementation.cs:line 331
--- End of stack trace from previous location ---
   at Refit.Implementation.Generated.ErsatzTVInfrastructureJellyfinIJellyfinApi.global::ErsatzTV.Infrastructure.Jellyfin.IJellyfinApi.GetSystemInformation(String apiKey, CancellationToken cancellationToken) in /source/ErsatzTV.Infrastructure/obj/release/net9.0/InterfaceStubGeneratorV2/Refit.Generator.InterfaceStubGeneratorV2/IJellyfinApi.g.cs:line 149
   at LanguageExt.TaskExtensions.Map[T,U](Task`1 self, Func`2 map)
   at ErsatzTV.Infrastructure.Jellyfin.JellyfinApiClient.GetServerInformation(String address, String apiKey) in /source/ErsatzTV.Infrastructure/Jellyfin/JellyfinApiClient.cs:line 43
2025-12-17 14:25:04.313 -05:00 [ERR] Error saving Jellyfin secrets: Connection refused (localhost:8096)
2025-12-17 14:25:05.346 -05:00 [ERR] Error getting jellyfin server name
System.Net.Http.HttpRequestException: Connection refused (localhost:8096)
 ---> System.Net.Sockets.SocketException (111): Connection refused
   at System.Net.Sockets.Socket.AwaitableSocketAsyncEventArgs.ThrowException(SocketError error, CancellationToken cancellationToken)
   at System.Net.Sockets.Socket.AwaitableSocketAsyncEventArgs.System.Threading.Tasks.Sources.IValueTaskSource.GetResult(Int16 token)
   at System.Net.Sockets.Socket.<ConnectAsync>g__WaitForConnectWithCancellation|285_0(AwaitableSocketAsyncEventArgs saea, ValueTask connectTask, CancellationToken cancellationToken)
   at System.Net.Http.HttpConnectionPool.ConnectToTcpHostAsync(String host, Int32 port, HttpRequestMessage initialRequest, Boolean async, CancellationToken cancellationToken)
   --- End of inner exception stack trace ---
   at System.Net.Http.HttpConnectionPool.ConnectToTcpHostAsync(String host, Int32 port, HttpRequestMessage initialRequest, Boolean async, CancellationToken cancellationToken)
   at System.Net.Http.HttpConnectionPool.ConnectAsync(HttpRequestMessage request, Boolean async, CancellationToken cancellationToken)
   at System.Net.Http.HttpConnectionPool.CreateHttp11ConnectionAsync(HttpRequestMessage request, Boolean async, CancellationToken cancellationToken)
   at System.Net.Http.HttpConnectionPool.InjectNewHttp11ConnectionAsync(QueueItem queueItem)
   at System.Threading.Tasks.TaskCompletionSourceWithCancellation`1.WaitWithCancellationAsync(CancellationToken cancellationToken)
   at System.Net.Http.HttpConnectionPool.SendWithVersionDetectionAndRetryAsync(HttpRequestMessage request, Boolean async, Boolean doRequestAuth, CancellationToken cancellationToken)
   at System.Net.Http.RedirectHandler.SendAsync(HttpRequestMessage request, Boolean async, CancellationToken cancellationToken)
   at System.Net.Http.HttpClient.<SendAsync>g__Core|83_0(HttpRequestMessage request, HttpCompletionOption completionOption, CancellationTokenSource cts, Boolean disposeCts, CancellationTokenSource pendingRequestsCts, CancellationToken originalCancellationToken)
   at Refit.RequestBuilderImplementation.<>c__DisplayClass15_0`2.<<BuildCancellableTaskFuncForMethod>b__0>d.MoveNext() in c:\temp\releaser\refit\Refit\RequestBuilderImplementation.cs:line 331
--- End of stack trace from previous location ---
   at Refit.Implementation.Generated.ErsatzTVInfrastructureJellyfinIJellyfinApi.global::ErsatzTV.Infrastructure.Jellyfin.IJellyfinApi.GetSystemInformation(String apiKey, CancellationToken cancellationToken) in /source/ErsatzTV.Infrastructure/obj/release/net9.0/InterfaceStubGeneratorV2/Refit.Generator.InterfaceStubGeneratorV2/IJellyfinApi.g.cs:line 149
   at LanguageExt.TaskExtensions.Map[T,U](Task`1 self, Func`2 map)
   at ErsatzTV.Infrastructure.Jellyfin.JellyfinApiClient.GetServerInformation(String address, String apiKey) in /source/ErsatzTV.Infrastructure/Jellyfin/JellyfinApiClient.cs:line 43
2025-12-17 14:25:05.350 -05:00 [ERR] Error saving Jellyfin secrets: Connection refused (localhost:8096)
2025-12-17 14:25:05.515 -05:00 [ERR] Error getting jellyfin server name
System.Net.Http.HttpRequestException: Connection refused (localhost:8096)
 ---> System.Net.Sockets.SocketException (111): Connection refused
   at System.Net.Sockets.Socket.AwaitableSocketAsyncEventArgs.ThrowException(SocketError error, CancellationToken cancellationToken)
   at System.Net.Sockets.Socket.AwaitableSocketAsyncEventArgs.System.Threading.Tasks.Sources.IValueTaskSource.GetResult(Int16 token)
   at System.Net.Sockets.Socket.<ConnectAsync>g__WaitForConnectWithCancellation|285_0(AwaitableSocketAsyncEventArgs saea, ValueTask connectTask, CancellationToken cancellationToken)
   at System.Net.Http.HttpConnectionPool.ConnectToTcpHostAsync(String host, Int32 port, HttpRequestMessage initialRequest, Boolean async, CancellationToken cancellationToken)
   --- End of inner exception stack trace ---
   at System.Net.Http.HttpConnectionPool.ConnectToTcpHostAsync(String host, Int32 port, HttpRequestMessage initialRequest, Boolean async, CancellationToken cancellationToken)
   at System.Net.Http.HttpConnectionPool.ConnectAsync(HttpRequestMessage request, Boolean async, CancellationToken cancellationToken)
   at System.Net.Http.HttpConnectionPool.CreateHttp11ConnectionAsync(HttpRequestMessage request, Boolean async, CancellationToken cancellationToken)
   at System.Net.Http.HttpConnectionPool.InjectNewHttp11ConnectionAsync(QueueItem queueItem)
   at System.Threading.Tasks.TaskCompletionSourceWithCancellation`1.WaitWithCancellationAsync(CancellationToken cancellationToken)
   at System.Net.Http.HttpConnectionPool.SendWithVersionDetectionAndRetryAsync(HttpRequestMessage request, Boolean async, Boolean doRequestAuth, CancellationToken cancellationToken)
   at System.Net.Http.RedirectHandler.SendAsync(HttpRequestMessage request, Boolean async, CancellationToken cancellationToken)
   at System.Net.Http.HttpClient.<SendAsync>g__Core|83_0(HttpRequestMessage request, HttpCompletionOption completionOption, CancellationTokenSource cts, Boolean disposeCts, CancellationTokenSource pendingRequestsCts, CancellationToken originalCancellationToken)
   at Refit.RequestBuilderImplementation.<>c__DisplayClass15_0`2.<<BuildCancellableTaskFuncForMethod>b__0>d.MoveNext() in c:\temp\releaser\refit\Refit\RequestBuilderImplementation.cs:line 331
--- End of stack trace from previous location ---
   at Refit.Implementation.Generated.ErsatzTVInfrastructureJellyfinIJellyfinApi.global::ErsatzTV.Infrastructure.Jellyfin.IJellyfinApi.GetSystemInformation(String apiKey, CancellationToken cancellationToken) in /source/ErsatzTV.Infrastructure/obj/release/net9.0/InterfaceStubGeneratorV2/Refit.Generator.InterfaceStubGeneratorV2/IJellyfinApi.g.cs:line 149
   at LanguageExt.TaskExtensions.Map[T,U](Task`1 self, Func`2 map)
   at ErsatzTV.Infrastructure.Jellyfin.JellyfinApiClient.GetServerInformation(String address, String apiKey) in /source/ErsatzTV.Infrastructure/Jellyfin/JellyfinApiClient.cs:line 43
2025-12-17 14:25:05.516 -05:00 [ERR] Error saving Jellyfin secrets: Connection refused (localhost:8096)
2025-12-17 14:25:50.635 -05:00 [ERR] Error getting jellyfin server name
System.Net.Http.HttpRequestException: Name or service not known (jellyfin:8096)
 ---> System.Net.Sockets.SocketException (0xFFFDFFFF): Name or service not known
   at System.Net.Sockets.Socket.AwaitableSocketAsyncEventArgs.ThrowException(SocketError error, CancellationToken cancellationToken)
   at System.Net.Sockets.Socket.AwaitableSocketAsyncEventArgs.System.Threading.Tasks.Sources.IValueTaskSource.GetResult(Int16 token)
   at System.Net.Sockets.Socket.<ConnectAsync>g__WaitForConnectWithCancellation|285_0(AwaitableSocketAsyncEventArgs saea, ValueTask connectTask, CancellationToken cancellationToken)
   at System.Net.Http.HttpConnectionPool.ConnectToTcpHostAsync(String host, Int32 port, HttpRequestMessage initialRequest, Boolean async, CancellationToken cancellationToken)
   --- End of inner exception stack trace ---
   at System.Net.Http.HttpConnectionPool.ConnectToTcpHostAsync(String host, Int32 port, HttpRequestMessage initialRequest, Boolean async, CancellationToken cancellationToken)
   at System.Net.Http.HttpConnectionPool.ConnectAsync(HttpRequestMessage request, Boolean async, CancellationToken cancellationToken)
   at System.Net.Http.HttpConnectionPool.CreateHttp11ConnectionAsync(HttpRequestMessage request, Boolean async, CancellationToken cancellationToken)
   at System.Net.Http.HttpConnectionPool.InjectNewHttp11ConnectionAsync(QueueItem queueItem)
   at System.Threading.Tasks.TaskCompletionSourceWithCancellation`1.WaitWithCancellationAsync(CancellationToken cancellationToken)
   at System.Net.Http.HttpConnectionPool.SendWithVersionDetectionAndRetryAsync(HttpRequestMessage request, Boolean async, Boolean doRequestAuth, CancellationToken cancellationToken)
   at System.Net.Http.RedirectHandler.SendAsync(HttpRequestMessage request, Boolean async, CancellationToken cancellationToken)
   at System.Net.Http.HttpClient.<SendAsync>g__Core|83_0(HttpRequestMessage request, HttpCompletionOption completionOption, CancellationTokenSource cts, Boolean disposeCts, CancellationTokenSource pendingRequestsCts, CancellationToken originalCancellationToken)
   at Refit.RequestBuilderImplementation.<>c__DisplayClass15_0`2.<<BuildCancellableTaskFuncForMethod>b__0>d.MoveNext() in c:\temp\releaser\refit\Refit\RequestBuilderImplementation.cs:line 331
--- End of stack trace from previous location ---
   at Refit.Implementation.Generated.ErsatzTVInfrastructureJellyfinIJellyfinApi.global::ErsatzTV.Infrastructure.Jellyfin.IJellyfinApi.GetSystemInformation(String apiKey, CancellationToken cancellationToken) in /source/ErsatzTV.Infrastructure/obj/release/net9.0/InterfaceStubGeneratorV2/Refit.Generator.InterfaceStubGeneratorV2/IJellyfinApi.g.cs:line 149
   at LanguageExt.TaskExtensions.Map[T,U](Task`1 self, Func`2 map)
   at ErsatzTV.Infrastructure.Jellyfin.JellyfinApiClient.GetServerInformation(String address, String apiKey) in /source/ErsatzTV.Infrastructure/Jellyfin/JellyfinApiClient.cs:line 43
2025-12-17 14:25:50.637 -05:00 [ERR] Error saving Jellyfin secrets: Name or service not known (jellyfin:8096)
2025-12-17 14:26:29.020 -05:00 [ERR] Error getting jellyfin server name
System.Net.Http.HttpRequestException: Name or service not known (jellyfin:8096)
 ---> System.Net.Sockets.SocketException (0xFFFDFFFF): Name or service not known
   at System.Net.Sockets.Socket.AwaitableSocketAsyncEventArgs.ThrowException(SocketError error, CancellationToken cancellationToken)
   at System.Net.Sockets.Socket.AwaitableSocketAsyncEventArgs.System.Threading.Tasks.Sources.IValueTaskSource.GetResult(Int16 token)
   at System.Net.Sockets.Socket.<ConnectAsync>g__WaitForConnectWithCancellation|285_0(AwaitableSocketAsyncEventArgs saea, ValueTask connectTask, CancellationToken cancellationToken)
   at System.Net.Http.HttpConnectionPool.ConnectToTcpHostAsync(String host, Int32 port, HttpRequestMessage initialRequest, Boolean async, CancellationToken cancellationToken)
   --- End of inner exception stack trace ---
   at System.Net.Http.HttpConnectionPool.ConnectToTcpHostAsync(String host, Int32 port, HttpRequestMessage initialRequest, Boolean async, CancellationToken cancellationToken)
   at System.Net.Http.HttpConnectionPool.ConnectAsync(HttpRequestMessage request, Boolean async, CancellationToken cancellationToken)
   at System.Net.Http.HttpConnectionPool.CreateHttp11ConnectionAsync(HttpRequestMessage request, Boolean async, CancellationToken cancellationToken)
   at System.Net.Http.HttpConnectionPool.InjectNewHttp11ConnectionAsync(QueueItem queueItem)
   at System.Threading.Tasks.TaskCompletionSourceWithCancellation`1.WaitWithCancellationAsync(CancellationToken cancellationToken)
   at System.Net.Http.HttpConnectionPool.SendWithVersionDetectionAndRetryAsync(HttpRequestMessage request, Boolean async, Boolean doRequestAuth, CancellationToken cancellationToken)
   at System.Net.Http.RedirectHandler.SendAsync(HttpRequestMessage request, Boolean async, CancellationToken cancellationToken)
   at System.Net.Http.HttpClient.<SendAsync>g__Core|83_0(HttpRequestMessage request, HttpCompletionOption completionOption, CancellationTokenSource cts, Boolean disposeCts, CancellationTokenSource pendingRequestsCts, CancellationToken originalCancellationToken)
   at Refit.RequestBuilderImplementation.<>c__DisplayClass15_0`2.<<BuildCancellableTaskFuncForMethod>b__0>d.MoveNext() in c:\temp\releaser\refit\Refit\RequestBuilderImplementation.cs:line 331
--- End of stack trace from previous location ---
   at Refit.Implementation.Generated.ErsatzTVInfrastructureJellyfinIJellyfinApi.global::ErsatzTV.Infrastructure.Jellyfin.IJellyfinApi.GetSystemInformation(String apiKey, CancellationToken cancellationToken) in /source/ErsatzTV.Infrastructure/obj/release/net9.0/InterfaceStubGeneratorV2/Refit.Generator.InterfaceStubGeneratorV2/IJellyfinApi.g.cs:line 149
   at LanguageExt.TaskExtensions.Map[T,U](Task`1 self, Func`2 map)
   at ErsatzTV.Infrastructure.Jellyfin.JellyfinApiClient.GetServerInformation(String address, String apiKey) in /source/ErsatzTV.Infrastructure/Jellyfin/JellyfinApiClient.cs:line 43
2025-12-17 14:26:29.021 -05:00 [ERR] Error saving Jellyfin secrets: Name or service not known (jellyfin:8096)
2025-12-17 14:27:25.277 -05:00 [ERR] Error getting jellyfin server name
System.Net.Http.HttpRequestException: Name or service not known (jellyfin:8096)
 ---> System.Net.Sockets.SocketException (0xFFFDFFFF): Name or service not known
   at System.Net.Sockets.Socket.AwaitableSocketAsyncEventArgs.ThrowException(SocketError error, CancellationToken cancellationToken)
   at System.Net.Sockets.Socket.AwaitableSocketAsyncEventArgs.System.Threading.Tasks.Sources.IValueTaskSource.GetResult(Int16 token)
   at System.Net.Sockets.Socket.<ConnectAsync>g__WaitForConnectWithCancellation|285_0(AwaitableSocketAsyncEventArgs saea, ValueTask connectTask, CancellationToken cancellationToken)
   at System.Net.Http.HttpConnectionPool.ConnectToTcpHostAsync(String host, Int32 port, HttpRequestMessage initialRequest, Boolean async, CancellationToken cancellationToken)
   --- End of inner exception stack trace ---
   at System.Net.Http.HttpConnectionPool.ConnectToTcpHostAsync(String host, Int32 port, HttpRequestMessage initialRequest, Boolean async, CancellationToken cancellationToken)
   at System.Net.Http.HttpConnectionPool.ConnectAsync(HttpRequestMessage request, Boolean async, CancellationToken cancellationToken)
   at System.Net.Http.HttpConnectionPool.CreateHttp11ConnectionAsync(HttpRequestMessage request, Boolean async, CancellationToken cancellationToken)
   at System.Net.Http.HttpConnectionPool.InjectNewHttp11ConnectionAsync(QueueItem queueItem)
   at System.Threading.Tasks.TaskCompletionSourceWithCancellation`1.WaitWithCancellationAsync(CancellationToken cancellationToken)
   at System.Net.Http.HttpConnectionPool.SendWithVersionDetectionAndRetryAsync(HttpRequestMessage request, Boolean async, Boolean doRequestAuth, CancellationToken cancellationToken)
   at System.Net.Http.RedirectHandler.SendAsync(HttpRequestMessage request, Boolean async, CancellationToken cancellationToken)
   at System.Net.Http.HttpClient.<SendAsync>g__Core|83_0(HttpRequestMessage request, HttpCompletionOption completionOption, CancellationTokenSource cts, Boolean disposeCts, CancellationTokenSource pendingRequestsCts, CancellationToken originalCancellationToken)
   at Refit.RequestBuilderImplementation.<>c__DisplayClass15_0`2.<<BuildCancellableTaskFuncForMethod>b__0>d.MoveNext() in c:\temp\releaser\refit\Refit\RequestBuilderImplementation.cs:line 331
--- End of stack trace from previous location ---
   at Refit.Implementation.Generated.ErsatzTVInfrastructureJellyfinIJellyfinApi.global::ErsatzTV.Infrastructure.Jellyfin.IJellyfinApi.GetSystemInformation(String apiKey, CancellationToken cancellationToken) in /source/ErsatzTV.Infrastructure/obj/release/net9.0/InterfaceStubGeneratorV2/Refit.Generator.InterfaceStubGeneratorV2/IJellyfinApi.g.cs:line 149
   at LanguageExt.TaskExtensions.Map[T,U](Task`1 self, Func`2 map)
   at ErsatzTV.Infrastructure.Jellyfin.JellyfinApiClient.GetServerInformation(String address, String apiKey) in /source/ErsatzTV.Infrastructure/Jellyfin/JellyfinApiClient.cs:line 43
2025-12-17 14:27:25.279 -05:00 [ERR] Error saving Jellyfin secrets: Name or service not known (jellyfin:8096)
2025-12-17 14:27:41.138 -05:00 [ERR] Error getting jellyfin server name
System.Net.Http.HttpRequestException: Name or service not known (jellyfin:8096)
 ---> System.Net.Sockets.SocketException (0xFFFDFFFF): Name or service not known
   at System.Net.Sockets.Socket.AwaitableSocketAsyncEventArgs.ThrowException(SocketError error, CancellationToken cancellationToken)
   at System.Net.Sockets.Socket.AwaitableSocketAsyncEventArgs.System.Threading.Tasks.Sources.IValueTaskSource.GetResult(Int16 token)
   at System.Net.Sockets.Socket.<ConnectAsync>g__WaitForConnectWithCancellation|285_0(AwaitableSocketAsyncEventArgs saea, ValueTask connectTask, CancellationToken cancellationToken)
   at System.Net.Http.HttpConnectionPool.ConnectToTcpHostAsync(String host, Int32 port, HttpRequestMessage initialRequest, Boolean async, CancellationToken cancellationToken)
   --- End of inner exception stack trace ---
   at System.Net.Http.HttpConnectionPool.ConnectToTcpHostAsync(String host, Int32 port, HttpRequestMessage initialRequest, Boolean async, CancellationToken cancellationToken)
   at System.Net.Http.HttpConnectionPool.ConnectAsync(HttpRequestMessage request, Boolean async, CancellationToken cancellationToken)
   at System.Net.Http.HttpConnectionPool.CreateHttp11ConnectionAsync(HttpRequestMessage request, Boolean async, CancellationToken cancellationToken)
   at System.Net.Http.HttpConnectionPool.InjectNewHttp11ConnectionAsync(QueueItem queueItem)
   at System.Threading.Tasks.TaskCompletionSourceWithCancellation`1.WaitWithCancellationAsync(CancellationToken cancellationToken)
   at System.Net.Http.HttpConnectionPool.SendWithVersionDetectionAndRetryAsync(HttpRequestMessage request, Boolean async, Boolean doRequestAuth, CancellationToken cancellationToken)
   at System.Net.Http.RedirectHandler.SendAsync(HttpRequestMessage request, Boolean async, CancellationToken cancellationToken)
   at System.Net.Http.HttpClient.<SendAsync>g__Core|83_0(HttpRequestMessage request, HttpCompletionOption completionOption, CancellationTokenSource cts, Boolean disposeCts, CancellationTokenSource pendingRequestsCts, CancellationToken originalCancellationToken)
   at Refit.RequestBuilderImplementation.<>c__DisplayClass15_0`2.<<BuildCancellableTaskFuncForMethod>b__0>d.MoveNext() in c:\temp\releaser\refit\Refit\RequestBuilderImplementation.cs:line 331
--- End of stack trace from previous location ---
   at Refit.Implementation.Generated.ErsatzTVInfrastructureJellyfinIJellyfinApi.global::ErsatzTV.Infrastructure.Jellyfin.IJellyfinApi.GetSystemInformation(String apiKey, CancellationToken cancellationToken) in /source/ErsatzTV.Infrastructure/obj/release/net9.0/InterfaceStubGeneratorV2/Refit.Generator.InterfaceStubGeneratorV2/IJellyfinApi.g.cs:line 149
   at LanguageExt.TaskExtensions.Map[T,U](Task`1 self, Func`2 map)
   at ErsatzTV.Infrastructure.Jellyfin.JellyfinApiClient.GetServerInformation(String address, String apiKey) in /source/ErsatzTV.Infrastructure/Jellyfin/JellyfinApiClient.cs:line 43
2025-12-17 14:27:41.139 -05:00 [ERR] Error saving Jellyfin secrets: Name or service not known (jellyfin:8096)
2025-12-17 14:28:42.775 -05:00 [INF] Search index worker service shutting down
2025-12-17 14:28:42.776 -05:00 [INF] FFmpeg worker service shutting down
2025-12-17 14:28:42.777 -05:00 [INF] Scheduler service shutting down
2025-12-17 14:28:42.777 -05:00 [INF] Worker service shutting down
2025-12-17 14:28:42.778 -05:00 [INF] Scanner service shutting down
2025-12-17 14:28:42.778 -05:00 [INF] Plex service shutting down
2025-12-17 14:28:42.779 -05:00 [INF] Jellyfin service shutting down
2025-12-17 14:28:42.779 -05:00 [INF] Emby service shutting down
2025-12-17 14:28:45.166 -05:00 [INF] ErsatzTV version 25.2.0-docker-nvidia
2025-12-17 14:28:45.201 -05:00 [WRN] Give feedback at https://github.com/ErsatzTV/ErsatzTV or https://discord.gg/hHaJm3yGy6
2025-12-17 14:28:45.211 -05:00 [INF] Database is at /config/ersatztv.sqlite3
2025-12-17 14:28:45.217 -05:00 [INF] Transcode folder is /transcode
2025-12-17 14:28:45.277 -05:00 [INF] Using Lucene (embedded) search index backend
2025-12-17 14:28:45.326 -05:00 [INF] Server will listen on streaming port 8409, UI port 8409 - try UI at http://localhost:8409
2025-12-17 14:28:45.326 -05:00 [INF] Applying database migrations
2025-12-17 14:28:45.344 -05:00 [INF] Worker service started
2025-12-17 14:28:45.372 -05:00 [INF] FFmpeg worker service started
2025-12-17 14:28:47.210 -05:00 [INF] Done applying database migrations
2025-12-17 14:28:47.210 -05:00 [INF] Cleaning database
2025-12-17 14:28:47.211 -05:00 [INF] Search index worker service started
2025-12-17 14:28:47.214 -05:00 [INF] Emptying transcode cache folder
2025-12-17 14:28:47.214 -05:00 [INF] Done emptying transcode cache folder
2025-12-17 14:28:47.216 -05:00 [INF] Cleaning channel cache
2025-12-17 14:28:47.293 -05:00 [INF] Located ffmpeg at /usr/local/bin/ffmpeg
2025-12-17 14:28:47.299 -05:00 [INF] Located ffprobe at /usr/local/bin/ffprobe
2025-12-17 14:28:47.306 -05:00 [INF] Done cleaning database
2025-12-17 14:28:47.309 -05:00 [INF] Initializing search index
2025-12-17 14:28:47.407 -05:00 [INF] Done initializing search index
2025-12-17 14:28:48.280 -05:00 [INF] Search index is already version 46
2025-12-17 14:28:48.281 -05:00 [INF] Scheduler service started
2025-12-17 14:28:48.281 -05:00 [INF] Scanner service started
2025-12-17 14:28:48.282 -05:00 [INF] Jellyfin service started; secrets are at /config/jellyfin-secrets.json
2025-12-17 14:28:48.282 -05:00 [INF] Plex service started; secrets are at /config/plex-secrets.json
2025-12-17 14:28:48.282 -05:00 [INF] Emby service started; secrets are at /config/emby-secrets.json
2025-12-17 14:30:13.528 -05:00 [INF] Successfully synchronized jellyfin media sources
2025-12-17 14:30:13.711 -05:00 [INF] Successfully synchronized Jellyfin libraries for source 2
2025-12-17 14:33:27.868 -05:00 [ERR] Unexpected error saving schedule: [SmartCollection] is required for collection type 'SmartCollection'
2025-12-17 14:33:46.826 -05:00 [ERR] Unexpected error saving playout: Program schedule must have items
2025-12-17 14:34:32.485 -05:00 [INF] Successfully synchronized Jellyfin libraries for source 2
2025-12-17 14:35:09.936 -05:00 [ERR] Unexpected error saving schedule: [SmartCollection] is required for collection type 'SmartCollection'
2025-12-17 14:36:32.731 -05:00 [INF] Successfully synchronized Jellyfin libraries for source 2
2025-12-17 14:36:37.670 -05:00 [INF] Successfully synchronized Jellyfin libraries for source 2
2025-12-17 17:42:51.385 -05:00 [INF] Successfully synchronized Jellyfin libraries for source 2
2025-12-17 17:42:53.390 -05:00 [INF] Successfully synchronized Jellyfin libraries for source 2
2025-12-17 17:42:59.440 -05:00 [INF] Successfully synchronized Jellyfin libraries for source 2
2025-12-17 18:14:40.848 -05:00 [INF] Successfully synchronized Jellyfin libraries for source 2
2025-12-17 18:14:46.795 -05:00 [INF] Successfully synchronized Jellyfin libraries for source 2
2025-12-17 23:47:42.641 -05:00 [INF] ErsatzTV version 25.2.0-docker-nvidia
2025-12-17 23:47:42.703 -05:00 [WRN] Give feedback at https://github.com/ErsatzTV/ErsatzTV or https://discord.gg/hHaJm3yGy6
2025-12-17 23:47:42.722 -05:00 [INF] Database is at /config/ersatztv.sqlite3
2025-12-17 23:47:42.754 -05:00 [INF] Transcode folder is /transcode
2025-12-17 23:47:42.854 -05:00 [INF] Using Lucene (embedded) search index backend
2025-12-17 23:47:42.992 -05:00 [INF] Server will listen on streaming port 8409, UI port 8409 - try UI at http://localhost:8409
2025-12-17 23:47:43.000 -05:00 [INF] Applying database migrations
2025-12-17 23:47:43.023 -05:00 [INF] Worker service started
2025-12-17 23:47:43.060 -05:00 [INF] FFmpeg worker service started
2025-12-17 23:47:45.646 -05:00 [INF] Done applying database migrations
2025-12-17 23:47:45.646 -05:00 [INF] Cleaning database
2025-12-17 23:47:45.647 -05:00 [INF] Search index worker service started
2025-12-17 23:47:45.650 -05:00 [INF] Emptying transcode cache folder
2025-12-17 23:47:45.650 -05:00 [INF] Done emptying transcode cache folder
2025-12-17 23:47:45.652 -05:00 [INF] Cleaning channel cache
2025-12-17 23:47:45.740 -05:00 [INF] Located ffmpeg at /usr/local/bin/ffmpeg
2025-12-17 23:47:45.758 -05:00 [INF] Done cleaning database
2025-12-17 23:47:45.759 -05:00 [INF] Located ffprobe at /usr/local/bin/ffprobe
2025-12-17 23:47:45.766 -05:00 [INF] Initializing search index
2025-12-17 23:47:45.949 -05:00 [WRN] Search index failed to initialize; will delete and recreate
2025-12-17 23:47:46.027 -05:00 [INF] Done initializing search index
2025-12-17 23:47:46.028 -05:00 [INF] Migrating search index to version 46
2025-12-17 23:47:47.272 -05:00 [INF] Done migrating search index in 1 second
2025-12-17 23:47:47.273 -05:00 [INF] Scheduler service started
2025-12-17 23:47:47.273 -05:00 [INF] Scanner service started
2025-12-17 23:47:47.273 -05:00 [INF] Emby service started; secrets are at /config/emby-secrets.json
2025-12-17 23:47:47.274 -05:00 [INF] Plex service started; secrets are at /config/plex-secrets.json
2025-12-17 23:47:47.274 -05:00 [INF] Jellyfin service started; secrets are at /config/jellyfin-secrets.json
2025-12-17 23:47:47.369 -05:00 [INF] Successfully synchronized jellyfin media sources
2025-12-17 23:47:47.556 -05:00 [ERR] Error getting jellyfin libraries
Refit.ApiException: Response status code does not indicate success: 503 (Service Unavailable).
   at Refit.RequestBuilderImplementation.<>c__DisplayClass15_0`2.<<BuildCancellableTaskFuncForMethod>b__0>d.MoveNext() in c:\temp\releaser\refit\Refit\RequestBuilderImplementation.cs:line 384
--- End of stack trace from previous location ---
   at Refit.Implementation.Generated.ErsatzTVInfrastructureJellyfinIJellyfinApi.global::ErsatzTV.Infrastructure.Jellyfin.IJellyfinApi.GetLibraries(String apiKey) in /source/ErsatzTV.Infrastructure/obj/release/net9.0/InterfaceStubGeneratorV2/Refit.Generator.InterfaceStubGeneratorV2/IJellyfinApi.g.cs:line 171
   at ErsatzTV.Infrastructure.Jellyfin.JellyfinApiClient.GetLibraries(String address, String apiKey) in /source/ErsatzTV.Infrastructure/Jellyfin/JellyfinApiClient.cs:line 63
2025-12-17 23:47:47.571 -05:00 [WRN] Unable to synchronize libraries from jellyfin server canal-en-vivo: Response status code does not indicate success: 503 (Service Unavailable).
2025-12-17 23:47:47.586 -05:00 [INF] Successfully synchronized Jellyfin libraries for source 2
2025-12-17 23:49:14.285 -05:00 [INF] Successfully synchronized Jellyfin libraries for source 2
2025-12-17 23:49:56.705 -05:00 [INF] Successfully synchronized Jellyfin libraries for source 2
2025-12-17 23:50:21.562 -05:00 [INF] Successfully synchronized Jellyfin libraries for source 2
2025-12-17 23:50:25.927 -05:00 [INF] Successfully synchronized Jellyfin libraries for source 2
2025-12-17 23:50:33.673 -05:00 [INF] Successfully synchronized Jellyfin libraries for source 2
